<?xml version="1.0" encoding="UTF-8"?>
<!-- Generated by org.testng.reporters.JUnitXMLReporter -->
<testsuite hostname="A8344F1D" ignored="0" name="Surefire test" tests="1" failures="1" timestamp="06 Nov 2017 07:18:41 GMT" time="26.871" errors="0">
  <testcase name="feature" time="26.569" classname="cucumber.api.testng.AbstractTestNGCucumberTests">
    <failure type="cucumber.runtime.CucumberException" message="java.lang.AssertionError: The following asserts failed:
	expected [true] but found [false],
	&amp;lt;b style=&amp;apos;background-Tomato;&amp;apos;&amp;gt;Scenario failed due to the response time is greater than 10secs&amp;lt;/b&amp;gt;">
      <![CDATA[cucumber.runtime.CucumberException: java.lang.AssertionError: The following asserts failed:
	expected [true] but found [false],
	<b style='background-Tomato;'>Scenario failed due to the response time is greater than 10secs</b>
	at cucumber.api.testng.TestNGCucumberRunner.runCucumber(TestNGCucumberRunner.java:69)
	at cucumber.api.testng.AbstractTestNGCucumberTests.feature(AbstractTestNGCucumberTests.java:21)
Caused by: java.lang.AssertionError: The following asserts failed:
	expected [true] but found [false],
	<b style='background-Tomato;'>Scenario failed due to the response time is greater than 10secs</b>
	at com.vl.qa.baseutils.CustomAsserts.softAssert(CustomAsserts.java:18)
	at com.vl.qa.steps.Login_test.verify_user_is_logged_into_the_site(Login_test.java:43)
	at âœ½.Then verify user is logged into the site(VerifyLogin.feature:7)
... Removed 30 stack frames]]>
    </failure>
  </testcase> <!-- feature -->
</testsuite> <!-- Surefire test -->
